# JRE version: OpenJDK Runtime Environment Temurin-21.0.8+9 (21.0.8+9) (build 21.0.8+9-LTS)
# Java VM: OpenJDK 64-Bit Server VM Temurin-21.0.8+9 (21.0.8+9-LTS, mixed mode, sharing, tiered, compressed oops, compressed class ptrs, parallel gc, windows-amd64)
GC Precious Log:
 CardTable entry size: 512
 CPUs: 8 total, 8 available
 Memory: 6088M
 Large Page Support: Disabled
 NUMA Support: Disabled
 Compressed Oops: Enabled (32-bit)
 Alignments: Space 512K, Generation 512K, Heap 2M
 Heap Min Capacity: 100M
 Heap Initial Capacity: 100M
 Heap Max Capacity: 2G
 Pre-touch: Disabled
 Parallel Workers: 8
Heap:
 PSYoungGen      total 5632K, used 763K [0x00000000d5580000, 0x00000000d5e80000, 0x0000000100000000)
  eden space 5120K, 10% used [0x00000000d5580000,0x00000000d5606ec8,0x00000000d5a80000)
  from space 512K, 43% used [0x00000000d5d80000,0x00000000d5db8000,0x00000000d5e00000)
  to   space 512K, 0% used [0x00000000d5e00000,0x00000000d5e00000,0x00000000d5e80000)
 ParOldGen       total 467968K, used 467510K [0x0000000080000000, 0x000000009c900000, 0x00000000d5580000)
  object space 467968K, 99% used [0x0000000080000000,0x000000009c88db80,0x000000009c900000)
 Metaspace       used 87845K, committed 89984K, reserved 1179648K
  class space    used 10212K, committed 11136K, reserved 1048576K
GC Heap History (20 events):
Event: 57686.131 GC heap before
{Heap before GC invocations=6973 (full 6):
 PSYoungGen      total 6656K, used 6656K [0x00000000d5580000, 0x00000000d6680000, 0x0000000100000000)
  eden space 3584K, 100% used [0x00000000d5580000,0x00000000d5900000,0x00000000d5900000)
  from space 3072K, 100% used [0x00000000d5900000,0x00000000d5c00000,0x00000000d5c00000)
  to   space 6656K, 0% used [0x00000000d6000000,0x00000000d6000000,0x00000000d6680000)
 ParOldGen       total 452608K, used 452470K [0x0000000080000000, 0x000000009ba00000, 0x00000000d5580000)
  object space 452608K, 99% used [0x0000000080000000,0x000000009b9ddb80,0x000000009ba00000)
 Metaspace       used 87758K, committed 89920K, reserved 1179648K
  class space    used 10209K, committed 11136K, reserved 1048576K
}
Event: 57686.177 GC heap after
{Heap after GC invocations=6973 (full 6):
 PSYoungGen      total 8704K, used 3712K [0x00000000d5580000, 0x00000000d6400000, 0x0000000100000000)
  eden space 4608K, 0% used [0x00000000d5580000,0x00000000d5580000,0x00000000d5a00000)
  from space 4096K, 90% used [0x00000000d6000000,0x00000000d63a0000,0x00000000d6400000)
  to   space 4608K, 0% used [0x00000000d5b00000,0x00000000d5b00000,0x00000000d5f80000)
 ParOldGen       total 455680K, used 455526K [0x0000000080000000, 0x000000009bd00000, 0x00000000d5580000)
  object space 455680K, 99% used [0x0000000080000000,0x000000009bcd9b80,0x000000009bd00000)
 Metaspace       used 87758K, committed 89920K, reserved 1179648K
  class space    used 10209K, committed 11136K, reserved 1048576K
}
Event: 57686.266 GC heap before
{Heap before GC invocations=6974 (full 6):
 PSYoungGen      total 8704K, used 8320K [0x00000000d5580000, 0x00000000d6400000, 0x0000000100000000)
  eden space 4608K, 100% used [0x00000000d5580000,0x00000000d5a00000,0x00000000d5a00000)
  from space 4096K, 90% used [0x00000000d6000000,0x00000000d63a0000,0x00000000d6400000)
  to   space 4608K, 0% used [0x00000000d5b00000,0x00000000d5b00000,0x00000000d5f80000)
 ParOldGen       total 455680K, used 455526K [0x0000000080000000, 0x000000009bd00000, 0x00000000d5580000)
  object space 455680K, 99% used [0x0000000080000000,0x000000009bcd9b80,0x000000009bd00000)
 Metaspace       used 87758K, committed 89920K, reserved 1179648K
  class space    used 10209K, committed 11136K, reserved 1048576K
}
Event: 57686.297 GC heap after
{Heap after GC invocations=6974 (full 6):
 PSYoungGen      total 10240K, used 4176K [0x00000000d5580000, 0x00000000d6400000, 0x0000000100000000)
  eden space 5632K, 0% used [0x00000000d5580000,0x00000000d5580000,0x00000000d5b00000)
  from space 4608K, 90% used [0x00000000d5b00000,0x00000000d5f14000,0x00000000d5f80000)
  to   space 4608K, 0% used [0x00000000d5f80000,0x00000000d5f80000,0x00000000d6400000)
 ParOldGen       total 459264K, used 459150K [0x0000000080000000, 0x000000009c080000, 0x00000000d5580000)
  object space 459264K, 99% used [0x0000000080000000,0x000000009c063b80,0x000000009c080000)
 Metaspace       used 87758K, committed 89920K, reserved 1179648K
  class space    used 10209K, committed 11136K, reserved 1048576K
}
Event: 57687.614 GC heap before
{Heap before GC invocations=6975 (full 6):
 PSYoungGen      total 10240K, used 9808K [0x00000000d5580000, 0x00000000d6400000, 0x0000000100000000)
  eden space 5632K, 100% used [0x00000000d5580000,0x00000000d5b00000,0x00000000d5b00000)
  from space 4608K, 90% used [0x00000000d5b00000,0x00000000d5f14000,0x00000000d5f80000)
  to   space 4608K, 0% used [0x00000000d5f80000,0x00000000d5f80000,0x00000000d6400000)
 ParOldGen       total 459264K, used 459150K [0x0000000080000000, 0x000000009c080000, 0x00000000d5580000)
  object space 459264K, 99% used [0x0000000080000000,0x000000009c063b80,0x000000009c080000)
 Metaspace       used 87758K, committed 89920K, reserved 1179648K
  class space    used 10209K, committed 11136K, reserved 1048576K
}
Event: 57687.628 GC heap after
{Heap after GC invocations=6975 (full 6):
 PSYoungGen      total 9728K, used 4576K [0x00000000d5580000, 0x00000000d6680000, 0x0000000100000000)
  eden space 5120K, 0% used [0x00000000d5580000,0x00000000d5580000,0x00000000d5a80000)
  from space 4608K, 99% used [0x00000000d5f80000,0x00000000d63f8000,0x00000000d6400000)
  to   space 5120K, 0% used [0x00000000d5a80000,0x00000000d5a80000,0x00000000d5f80000)
 ParOldGen       total 462848K, used 462686K [0x0000000080000000, 0x000000009c400000, 0x00000000d5580000)
  object space 462848K, 99% used [0x0000000080000000,0x000000009c3d7b80,0x000000009c400000)
 Metaspace       used 87758K, committed 89920K, reserved 1179648K
  class space    used 10209K, committed 11136K, reserved 1048576K
}
Event: 58058.905 GC heap before
{Heap before GC invocations=6976 (full 6):
 PSYoungGen      total 9728K, used 9696K [0x00000000d5580000, 0x00000000d6680000, 0x0000000100000000)
  eden space 5120K, 100% used [0x00000000d5580000,0x00000000d5a80000,0x00000000d5a80000)
  from space 4608K, 99% used [0x00000000d5f80000,0x00000000d63f8000,0x00000000d6400000)
  to   space 5120K, 0% used [0x00000000d5a80000,0x00000000d5a80000,0x00000000d5f80000)
 ParOldGen       total 462848K, used 462686K [0x0000000080000000, 0x000000009c400000, 0x00000000d5580000)
  object space 462848K, 99% used [0x0000000080000000,0x000000009c3d7b80,0x000000009c400000)
 Metaspace       used 87768K, committed 89920K, reserved 1179648K
  class space    used 10210K, committed 11136K, reserved 1048576K
}
Event: 58059.382 GC heap after
{Heap after GC invocations=6976 (full 6):
 PSYoungGen      total 5632K, used 256K [0x00000000d5580000, 0x00000000d6000000, 0x0000000100000000)
  eden space 5120K, 0% used [0x00000000d5580000,0x00000000d5580000,0x00000000d5a80000)
  from space 512K, 50% used [0x00000000d5a80000,0x00000000d5ac0000,0x00000000d5b00000)
  to   space 2048K, 0% used [0x00000000d5e00000,0x00000000d5e00000,0x00000000d6000000)
 ParOldGen       total 467456K, used 467214K [0x0000000080000000, 0x000000009c880000, 0x00000000d5580000)
  object space 467456K, 99% used [0x0000000080000000,0x000000009c843b80,0x000000009c880000)
 Metaspace       used 87768K, committed 89920K, reserved 1179648K
  class space    used 10210K, committed 11136K, reserved 1048576K
}
Event: 58059.940 GC heap before
{Heap before GC invocations=6977 (full 6):
 PSYoungGen      total 5632K, used 5376K [0x00000000d5580000, 0x00000000d6000000, 0x0000000100000000)
  eden space 5120K, 100% used [0x00000000d5580000,0x00000000d5a80000,0x00000000d5a80000)
  from space 512K, 50% used [0x00000000d5a80000,0x00000000d5ac0000,0x00000000d5b00000)
  to   space 2048K, 0% used [0x00000000d5e00000,0x00000000d5e00000,0x00000000d6000000)
 ParOldGen       total 467456K, used 467214K [0x0000000080000000, 0x000000009c880000, 0x00000000d5580000)
  object space 467456K, 99% used [0x0000000080000000,0x000000009c843b80,0x000000009c880000)
 Metaspace       used 87770K, committed 89920K, reserved 1179648K
  class space    used 10210K, committed 11136K, reserved 1048576K
}
Event: 58059.950 GC heap after
{Heap after GC invocations=6977 (full 6):
 PSYoungGen      total 5632K, used 256K [0x00000000d5580000, 0x00000000d5e80000, 0x0000000100000000)
  eden space 5120K, 0% used [0x00000000d5580000,0x00000000d5580000,0x00000000d5a80000)
  from space 512K, 50% used [0x00000000d5e00000,0x00000000d5e40000,0x00000000d5e80000)
  to   space 1024K, 0% used [0x00000000d5c80000,0x00000000d5c80000,0x00000000d5d80000)
 ParOldGen       total 467456K, used 467318K [0x0000000080000000, 0x000000009c880000, 0x00000000d5580000)
  object space 467456K, 99% used [0x0000000080000000,0x000000009c85db80,0x000000009c880000)
 Metaspace       used 87770K, committed 89920K, reserved 1179648K
  class space    used 10210K, committed 11136K, reserved 1048576K
}
Event: 58326.299 GC heap before
{Heap before GC invocations=6978 (full 6):
 PSYoungGen      total 5632K, used 5376K [0x00000000d5580000, 0x00000000d5e80000, 0x0000000100000000)
  eden space 5120K, 100% used [0x00000000d5580000,0x00000000d5a80000,0x00000000d5a80000)
  from space 512K, 50% used [0x00000000d5e00000,0x00000000d5e40000,0x00000000d5e80000)
  to   space 1024K, 0% used [0x00000000d5c80000,0x00000000d5c80000,0x00000000d5d80000)
 ParOldGen       total 467456K, used 467318K [0x0000000080000000, 0x000000009c880000, 0x00000000d5580000)
  object space 467456K, 99% used [0x0000000080000000,0x000000009c85db80,0x000000009c880000)
 Metaspace       used 87810K, committed 89984K, reserved 1179648K
  class space    used 10211K, committed 11136K, reserved 1048576K
}
Event: 58326.449 GC heap after
{Heap after GC invocations=6978 (full 6):
 PSYoungGen      total 6144K, used 224K [0x00000000d5580000, 0x00000000d5e80000, 0x0000000100000000)
  eden space 5120K, 0% used [0x00000000d5580000,0x00000000d5580000,0x00000000d5a80000)
  from space 1024K, 21% used [0x00000000d5c80000,0x00000000d5cb8000,0x00000000d5d80000)
  to   space 512K, 0% used [0x00000000d5e00000,0x00000000d5e00000,0x00000000d5e80000)
 ParOldGen       total 467456K, used 467334K [0x0000000080000000, 0x000000009c880000, 0x00000000d5580000)
  object space 467456K, 99% used [0x0000000080000000,0x000000009c861b80,0x000000009c880000)
 Metaspace       used 87810K, committed 89984K, reserved 1179648K
  class space    used 10211K, committed 11136K, reserved 1048576K
}
Event: 58328.635 GC heap before
{Heap before GC invocations=6979 (full 6):
 PSYoungGen      total 6144K, used 5344K [0x00000000d5580000, 0x00000000d5e80000, 0x0000000100000000)
  eden space 5120K, 100% used [0x00000000d5580000,0x00000000d5a80000,0x00000000d5a80000)
  from space 1024K, 21% used [0x00000000d5c80000,0x00000000d5cb8000,0x00000000d5d80000)
  to   space 512K, 0% used [0x00000000d5e00000,0x00000000d5e00000,0x00000000d5e80000)
 ParOldGen       total 467456K, used 467334K [0x0000000080000000, 0x000000009c880000, 0x00000000d5580000)
  object space 467456K, 99% used [0x0000000080000000,0x000000009c861b80,0x000000009c880000)
 Metaspace       used 87811K, committed 89984K, reserved 1179648K
  class space    used 10211K, committed 11136K, reserved 1048576K
}
Event: 58328.656 GC heap after
{Heap after GC invocations=6979 (full 6):
 PSYoungGen      total 5632K, used 224K [0x00000000d5580000, 0x00000000d5e80000, 0x0000000100000000)
  eden space 5120K, 0% used [0x00000000d5580000,0x00000000d5580000,0x00000000d5a80000)
  from space 512K, 43% used [0x00000000d5e00000,0x00000000d5e38000,0x00000000d5e80000)
  to   space 512K, 0% used [0x00000000d5d80000,0x00000000d5d80000,0x00000000d5e00000)
 ParOldGen       total 467456K, used 467382K [0x0000000080000000, 0x000000009c880000, 0x00000000d5580000)
  object space 467456K, 99% used [0x0000000080000000,0x000000009c86db80,0x000000009c880000)
 Metaspace       used 87811K, committed 89984K, reserved 1179648K
  class space    used 10211K, committed 11136K, reserved 1048576K
}
Event: 58588.442 GC heap before
{Heap before GC invocations=6980 (full 6):
 PSYoungGen      total 5632K, used 5344K [0x00000000d5580000, 0x00000000d5e80000, 0x0000000100000000)
  eden space 5120K, 100% used [0x00000000d5580000,0x00000000d5a80000,0x00000000d5a80000)
  from space 512K, 43% used [0x00000000d5e00000,0x00000000d5e38000,0x00000000d5e80000)
  to   space 512K, 0% used [0x00000000d5d80000,0x00000000d5d80000,0x00000000d5e00000)
 ParOldGen       total 467456K, used 467382K [0x0000000080000000, 0x000000009c880000, 0x00000000d5580000)
  object space 467456K, 99% used [0x0000000080000000,0x000000009c86db80,0x000000009c880000)
 Metaspace       used 87831K, committed 89984K, reserved 1179648K
  class space    used 10211K, committed 11136K, reserved 1048576K
}
Event: 58588.817 GC heap after
{Heap after GC invocations=6980 (full 6):
 PSYoungGen      total 5632K, used 224K [0x00000000d5580000, 0x00000000d5e80000, 0x0000000100000000)
  eden space 5120K, 0% used [0x00000000d5580000,0x00000000d5580000,0x00000000d5a80000)
  from space 512K, 43% used [0x00000000d5d80000,0x00000000d5db8000,0x00000000d5e00000)
  to   space 512K, 0% used [0x00000000d5e00000,0x00000000d5e00000,0x00000000d5e80000)
 ParOldGen       total 467456K, used 467422K [0x0000000080000000, 0x000000009c880000, 0x00000000d5580000)
  object space 467456K, 99% used [0x0000000080000000,0x000000009c877b80,0x000000009c880000)
 Metaspace       used 87831K, committed 89984K, reserved 1179648K
  class space    used 10211K, committed 11136K, reserved 1048576K
}
Event: 60114.536 GC heap before
{Heap before GC invocations=6981 (full 6):
 PSYoungGen      total 5632K, used 5343K [0x00000000d5580000, 0x00000000d5e80000, 0x0000000100000000)
  eden space 5120K, 99% used [0x00000000d5580000,0x00000000d5a7fff8,0x00000000d5a80000)
  from space 512K, 43% used [0x00000000d5d80000,0x00000000d5db8000,0x00000000d5e00000)
  to   space 512K, 0% used [0x00000000d5e00000,0x00000000d5e00000,0x00000000d5e80000)
 ParOldGen       total 467456K, used 467422K [0x0000000080000000, 0x000000009c880000, 0x00000000d5580000)
  object space 467456K, 99% used [0x0000000080000000,0x000000009c877b80,0x000000009c880000)
 Metaspace       used 87839K, committed 89984K, reserved 1179648K
  class space    used 10212K, committed 11136K, reserved 1048576K
}
Event: 60114.796 GC heap after
{Heap after GC invocations=6981 (full 6):
 PSYoungGen      total 5632K, used 256K [0x00000000d5580000, 0x00000000d5e80000, 0x0000000100000000)
  eden space 5120K, 0% used [0x00000000d5580000,0x00000000d5580000,0x00000000d5a80000)
  from space 512K, 50% used [0x00000000d5e00000,0x00000000d5e40000,0x00000000d5e80000)
  to   space 512K, 0% used [0x00000000d5d80000,0x00000000d5d80000,0x00000000d5e00000)
 ParOldGen       total 467456K, used 467454K [0x0000000080000000, 0x000000009c880000, 0x00000000d5580000)
  object space 467456K, 99% used [0x0000000080000000,0x000000009c87fb80,0x000000009c880000)
 Metaspace       used 87839K, committed 89984K, reserved 1179648K
  class space    used 10212K, committed 11136K, reserved 1048576K
}
Event: 60127.417 GC heap before
{Heap before GC invocations=6982 (full 6):
 PSYoungGen      total 5632K, used 5376K [0x00000000d5580000, 0x00000000d5e80000, 0x0000000100000000)
  eden space 5120K, 100% used [0x00000000d5580000,0x00000000d5a80000,0x00000000d5a80000)
  from space 512K, 50% used [0x00000000d5e00000,0x00000000d5e40000,0x00000000d5e80000)
  to   space 512K, 0% used [0x00000000d5d80000,0x00000000d5d80000,0x00000000d5e00000)
 ParOldGen       total 467456K, used 467454K [0x0000000080000000, 0x000000009c880000, 0x00000000d5580000)
  object space 467456K, 99% used [0x0000000080000000,0x000000009c87fb80,0x000000009c880000)
 Metaspace       used 87844K, committed 89984K, reserved 1179648K
  class space    used 10212K, committed 11136K, reserved 1048576K
}
Event: 60127.430 GC heap after
{Heap after GC invocations=6982 (full 6):
 PSYoungGen      total 5632K, used 224K [0x00000000d5580000, 0x00000000d5e80000, 0x0000000100000000)
  eden space 5120K, 0% used [0x00000000d5580000,0x00000000d5580000,0x00000000d5a80000)
  from space 512K, 43% used [0x00000000d5d80000,0x00000000d5db8000,0x00000000d5e00000)
  to   space 512K, 0% used [0x00000000d5e00000,0x00000000d5e00000,0x00000000d5e80000)
 ParOldGen       total 467968K, used 467510K [0x0000000080000000, 0x000000009c900000, 0x00000000d5580000)
  object space 467968K, 99% used [0x0000000080000000,0x000000009c88db80,0x000000009c900000)
 Metaspace       used 87844K, committed 89984K, reserved 1179648K
  class space    used 10212K, committed 11136K, reserved 1048576K
}

